
> vibe-generated-app@1.0.0 dev
> vite


  VITE v5.4.20  ready in 198 ms

  ➜  Local:   http://localhost:3000/
  ➜  Network: http://172.20.25.220:3000/
2:20:32 PM [vite] Pre-transform error: Failed to resolve import "react-hook-form" from "src/components/ContactFooter.jsx". Does the file exist?
2:20:32 PM [vite] ✨ new dependencies optimized: lucide-react, framer-motion, @splinetool/react-spline
2:20:32 PM [vite] ✨ optimized dependencies changed. reloading
2:20:36 PM [vite] Pre-transform error: Failed to resolve import "react-hook-form" from "src/components/ContactFooter.jsx". Does the file exist?
2:20:42 PM [vite] Internal server error: Failed to resolve import "react-hook-form" from "src/components/ContactFooter.jsx". Does the file exist?
  Plugin: vite:import-analysis
  File: /home/workspace/src/components/ContactFooter.jsx:2:24
  1  |  import { jsxDEV } from "react/jsx-dev-runtime";
  2  |  import { useMemo } from "react";
  3  |  import { useForm } from "react-hook-form";
     |                           ^
  4  |  import { z } from "zod";
  5  |  import { zodResolver } from "@hookform/resolvers/zod";
      at TransformPluginContext._formatError (file:///home/workspace/node_modules/vite/dist/node/chunks/dep-D_zLpgQd.js:49258:41)
      at TransformPluginContext.error (file:///home/workspace/node_modules/vite/dist/node/chunks/dep-D_zLpgQd.js:49253:16)
      at normalizeUrl (file:///home/workspace/node_modules/vite/dist/node/chunks/dep-D_zLpgQd.js:64306:23)
      at process.processTicksAndRejections (node:internal/process/task_queues:105:5)
      at async file:///home/workspace/node_modules/vite/dist/node/chunks/dep-D_zLpgQd.js:64438:39
      at async Promise.all (index 2)
      at async TransformPluginContext.transform (file:///home/workspace/node_modules/vite/dist/node/chunks/dep-D_zLpgQd.js:64365:7)
      at async PluginContainer.transform (file:///home/workspace/node_modules/vite/dist/node/chunks/dep-D_zLpgQd.js:49099:18)
      at async loadAndTransform (file:///home/workspace/node_modules/vite/dist/node/chunks/dep-D_zLpgQd.js:51977:27)
      at async viteTransformMiddleware (file:///home/workspace/node_modules/vite/dist/node/chunks/dep-D_zLpgQd.js:62105:24)
